[debug] [2022-10-27T13:11:24.378Z] ----------------------------------------------------------------------
[debug] [2022-10-27T13:11:24.381Z] Command:       C:\Program Files\nodejs\node.exe C:\Users\Mickey Russell\AppData\Roaming\npm\node_modules\firebase-tools\lib\bin\firebase.js init
[debug] [2022-10-27T13:11:24.381Z] CLI Version:   11.15.0
[debug] [2022-10-27T13:11:24.382Z] Platform:      win32
[debug] [2022-10-27T13:11:24.382Z] Node Version:  v16.17.0
[debug] [2022-10-27T13:11:24.383Z] Time:          Thu Oct 27 2022 15:11:24 GMT+0200 (Ora legale dell’Europa centrale)
[debug] [2022-10-27T13:11:24.384Z] ----------------------------------------------------------------------
[debug] 
[debug] [2022-10-27T13:11:24.395Z] > command requires scopes: ["email","openid","https://www.googleapis.com/auth/cloudplatformprojects.readonly","https://www.googleapis.com/auth/firebase","https://www.googleapis.com/auth/cloud-platform"]
[debug] [2022-10-27T13:11:24.396Z] > authorizing via signed-in user (sarkerjotishchandra@gmail.com)
[info] 
     ######## #### ########  ######## ########     ###     ######  ########
     ##        ##  ##     ## ##       ##     ##  ##   ##  ##       ##
     ######    ##  ########  ######   ########  #########  ######  ######
     ##        ##  ##    ##  ##       ##     ## ##     ##       ## ##
     ##       #### ##     ## ######## ########  ##     ##  ######  ########

You're about to initialize a Firebase project in this directory:

  C:\webdev\genius-e-courses

Before we get started, keep in mind:

  * You are currently outside your home directory

[info] 
=== Project Setup
[info] 
[info] First, let's associate this project directory with a Firebase project.
[info] You can create multiple project aliases by running firebase use --add, 
[info] but for now we'll just set up a default project.
[info] 
[info] i  If you want to create a project in a Google Cloud organization or folder, please use "firebase projects:create" instead, and return to this command when you've created the project. 
